{
  "RSpec": {
    "coverage": {
      "/Users/nariii/intelligenter-chatbot/app/controllers/chat_controller.rb": {
        "lines": [
          null,
          null,
          null,
          1,
          1,
          null,
          1,
          165,
          165,
          null,
          165,
          163,
          null,
          2,
          null,
          null,
          null,
          164,
          159,
          159,
          41,
          null,
          null,
          null,
          41,
          null,
          24,
          24,
          0,
          null,
          null,
          null,
          null,
          null,
          1,
          1,
          1,
          null,
          null,
          null,
          null,
          1,
          31,
          null,
          31,
          31,
          null,
          31,
          null,
          30,
          30,
          null,
          30,
          28,
          null,
          27,
          null,
          26,
          null,
          null,
          null,
          null,
          null,
          null,
          29,
          null,
          2,
          2,
          null,
          null,
          null,
          1,
          null,
          null,
          1,
          196,
          71,
          71,
          null,
          null,
          125,
          null,
          125,
          3,
          3,
          3,
          null,
          0,
          null,
          3,
          null,
          null,
          122,
          null,
          122,
          null,
          6,
          6,
          null,
          null,
          null,
          1,
          72,
          null,
          null,
          null,
          72,
          null,
          null,
          1,
          null,
          0,
          0,
          null,
          0,
          null,
          null,
          null,
          1,
          31,
          null,
          31,
          null,
          null,
          null,
          1,
          28,
          null,
          null,
          null,
          null,
          null,
          null
        ]
      },
      "/Users/nariii/intelligenter-chatbot/app/controllers/application_controller.rb": {
        "lines": [
          1,
          null,
          1,
          null,
          null,
          null,
          1,
          0,
          null,
          null
        ]
      },
      "/Users/nariii/intelligenter-chatbot/app/models/user.rb": {
        "lines": [
          1,
          null,
          1,
          1,
          null,
          null,
          1,
          null,
          null,
          1,
          null,
          null,
          1,
          null,
          null,
          1,
          1,
          1,
          null,
          null,
          1,
          0,
          null,
          null,
          1,
          0,
          null,
          null,
          1,
          0,
          null,
          null,
          null,
          null,
          1,
          0,
          null,
          null,
          1,
          0,
          null,
          null,
          1,
          0,
          0,
          0,
          null,
          0,
          null,
          null,
          1,
          null,
          0,
          null,
          null,
          1,
          0,
          0,
          null,
          null,
          1,
          null,
          1,
          211,
          null,
          null
        ]
      },
      "/Users/nariii/intelligenter-chatbot/app/models/application_record.rb": {
        "lines": [
          1,
          1,
          null
        ]
      },
      "/Users/nariii/intelligenter-chatbot/app/models/conversation.rb": {
        "lines": [
          1,
          null,
          1,
          1,
          1,
          null,
          null,
          1,
          null,
          null,
          1,
          null,
          null,
          1,
          1,
          1,
          1,
          null,
          null,
          1,
          1,
          null,
          null,
          1,
          0,
          null,
          null,
          1,
          0,
          0,
          0,
          0,
          null,
          null,
          null,
          1,
          0,
          null,
          null,
          1,
          0,
          null,
          null,
          1,
          0,
          null,
          null,
          null,
          null,
          null,
          null,
          null,
          1,
          null,
          515,
          null,
          null,
          null,
          1,
          159,
          null,
          null,
          1,
          null,
          1,
          131,
          null,
          null
        ]
      },
      "/Users/nariii/intelligenter-chatbot/app/models/message.rb": {
        "lines": [
          1,
          1,
          null,
          null,
          1,
          1,
          null,
          null,
          1,
          null,
          null,
          1,
          null,
          1,
          null,
          null,
          null,
          1,
          1,
          null,
          null,
          1,
          null,
          null,
          161,
          160,
          2,
          1,
          199,
          null,
          null,
          1,
          1,
          1,
          1,
          1,
          184,
          1,
          null,
          null,
          1,
          1,
          null,
          null,
          1,
          null,
          null,
          1,
          3455,
          null,
          null,
          1,
          3455,
          null,
          null,
          1,
          0,
          null,
          null,
          1,
          0,
          null,
          null,
          1,
          0,
          null,
          null,
          1,
          0,
          null,
          null,
          1,
          0,
          null,
          null,
          1,
          0,
          0,
          0,
          null,
          null,
          1,
          null,
          1,
          null,
          343,
          null,
          null,
          1,
          343,
          null,
          null,
          null,
          null,
          null
        ]
      },
      "/Users/nariii/intelligenter-chatbot/app/models/concerns/cacheable_message.rb": {
        "lines": [
          null,
          null,
          null,
          1,
          1,
          null,
          1,
          1,
          null,
          1,
          null,
          1,
          1,
          1,
          null,
          null,
          1,
          null,
          1,
          0,
          null,
          0,
          0,
          null,
          null,
          null,
          null,
          null,
          null,
          null,
          1,
          0,
          null,
          0,
          0,
          null,
          null,
          null,
          null,
          null,
          null,
          null,
          1,
          0,
          null,
          0,
          0,
          null,
          null,
          null,
          null,
          null,
          null,
          null,
          null,
          1,
          0,
          null,
          null,
          1,
          0,
          null,
          null,
          1,
          0,
          null,
          null,
          null,
          1,
          343,
          343,
          null,
          null,
          null,
          1,
          null,
          null,
          1,
          343,
          null,
          null,
          1,
          0,
          null,
          null,
          1,
          0,
          null,
          null,
          1,
          null,
          343,
          null,
          null,
          343,
          null,
          0,
          null,
          null,
          1,
          0,
          0,
          null,
          null,
          0,
          null,
          null,
          null,
          null,
          null,
          null,
          null,
          0,
          null,
          0,
          null,
          null
        ]
      },
      "/Users/nariii/intelligenter-chatbot/app/jobs/process_ai_response_job.rb": {
        "lines": [
          1,
          1,
          null,
          1,
          12,
          12,
          null,
          12,
          null,
          0,
          0,
          null,
          null,
          1,
          null,
          1,
          12,
          12,
          12,
          12,
          12,
          null,
          null,
          1,
          12,
          null,
          null,
          null,
          null,
          null,
          null,
          1,
          null,
          12,
          null,
          null,
          null,
          null,
          null,
          1,
          12,
          null,
          null,
          null,
          null,
          null,
          1,
          null,
          12,
          null,
          null,
          null,
          null,
          null,
          null,
          null,
          null,
          null,
          null,
          1,
          12,
          null,
          null,
          null,
          12,
          null,
          2,
          null,
          4,
          null,
          3,
          null,
          0,
          null,
          0,
          null,
          3,
          null,
          null,
          null,
          12,
          12,
          null,
          null,
          null,
          null,
          1,
          0,
          null,
          null,
          null,
          null,
          null,
          null,
          null,
          null,
          null
        ]
      },
      "/Users/nariii/intelligenter-chatbot/app/jobs/application_job.rb": {
        "lines": [
          1,
          null,
          null,
          null,
          null,
          null,
          null
        ]
      },
      "/Users/nariii/intelligenter-chatbot/app/jobs/analyze_conversation_job.rb": {
        "lines": [
          1,
          1,
          null,
          1,
          12,
          12,
          null,
          12,
          12,
          null,
          12,
          12,
          12,
          null,
          0,
          null,
          null,
          1,
          null,
          1,
          null,
          null,
          null,
          12,
          null,
          null,
          null,
          null,
          null,
          null,
          null,
          null,
          1,
          null,
          12,
          null,
          12,
          30,
          30,
          null,
          null,
          12,
          null,
          null,
          1,
          30,
          30,
          30,
          null,
          null,
          1,
          30,
          null,
          null,
          1,
          30,
          null,
          null,
          1,
          30,
          null,
          null,
          1,
          null,
          12,
          12,
          null,
          null,
          1,
          12,
          12,
          null,
          12,
          null,
          12,
          30,
          180,
          180,
          null,
          null,
          12,
          null,
          null,
          1,
          12,
          null,
          null,
          12,
          null,
          null,
          null,
          null,
          null,
          1,
          12,
          4,
          8,
          4,
          null,
          4,
          null,
          null,
          null,
          1,
          null,
          12,
          null,
          null,
          1,
          null,
          12,
          null,
          null,
          1,
          null,
          12,
          null,
          12,
          210,
          null,
          null,
          12,
          null,
          null,
          1,
          12,
          null,
          0,
          null,
          12,
          null,
          0,
          null,
          null,
          null,
          1,
          12,
          null,
          null,
          null,
          1,
          null,
          0,
          null,
          null,
          1,
          12,
          null,
          null,
          null,
          null,
          null,
          null,
          null,
          null,
          null,
          null,
          null,
          null,
          null,
          null,
          null,
          1,
          12,
          null,
          12,
          null,
          null,
          null,
          null,
          null,
          null,
          null,
          null,
          1,
          12,
          null,
          0,
          0,
          null,
          null
        ]
      },
      "/Users/nariii/intelligenter-chatbot/app/models/analysis.rb": {
        "lines": [
          1,
          null,
          1,
          1,
          1,
          null,
          null,
          1,
          null,
          null,
          1,
          null,
          1,
          1,
          null,
          1,
          null,
          null,
          null,
          1,
          null,
          null,
          1,
          1,
          1,
          1,
          1,
          1,
          null,
          null,
          1,
          12,
          null,
          null,
          1,
          0,
          null,
          0,
          null,
          null,
          null,
          null,
          null,
          1,
          12,
          null,
          12,
          null,
          null,
          1,
          0,
          null,
          null,
          1,
          0,
          null,
          null,
          1,
          0,
          null,
          null,
          1,
          0,
          null,
          null,
          1,
          0,
          null,
          0,
          null,
          null,
          1,
          0,
          0,
          0,
          null,
          null
        ]
      },
      "/Users/nariii/intelligenter-chatbot/app/services/chat_bot_service.rb": {
        "lines": [
          null,
          null,
          null,
          1,
          1,
          null,
          1,
          null,
          1,
          1,
          null,
          null,
          1,
          null,
          null,
          null,
          null,
          null,
          null,
          null,
          1,
          24,
          24,
          24,
          null,
          null,
          null,
          1,
          24,
          null,
          24,
          24,
          null,
          null,
          24,
          null,
          null,
          null,
          null,
          null,
          null,
          null,
          null,
          null,
          24,
          24,
          24,
          null,
          0,
          null,
          null,
          null,
          0,
          0,
          0,
          null,
          null,
          null,
          1,
          0,
          null,
          0,
          null,
          null,
          null,
          0,
          null,
          null,
          1,
          null,
          null,
          1,
          24,
          24,
          null,
          null,
          24,
          null,
          null,
          null,
          null,
          null,
          null,
          null,
          1,
          24,
          null,
          null,
          null,
          null,
          24,
          24,
          null,
          24,
          null,
          null,
          null,
          1,
          null,
          24,
          null,
          null,
          null,
          null,
          null,
          null,
          null,
          null,
          null,
          1,
          24,
          null,
          null,
          56,
          null,
          null,
          null,
          1,
          24,
          24,
          0,
          0,
          0,
          24,
          null,
          null,
          null,
          null,
          1,
          24,
          null,
          null,
          null,
          null,
          null,
          null,
          null,
          null,
          null,
          null,
          null,
          null,
          null,
          null
        ]
      },
      "/Users/nariii/intelligenter-chatbot/app/services/intent_recognizer.rb": {
        "lines": [
          null,
          null,
          null,
          1,
          1,
          null,
          null,
          null,
          1,
          null,
          null,
          null,
          null,
          null,
          null,
          null,
          null,
          1,
          null,
          1,
          24,
          null,
          null,
          null,
          1,
          24,
          null,
          24,
          null,
          24,
          1,
          null,
          1,
          null,
          null,
          null,
          null,
          null,
          23,
          null,
          null,
          null,
          null,
          null,
          null,
          null,
          1,
          0,
          0,
          null,
          0,
          0,
          null,
          0,
          0,
          0,
          0,
          null,
          0,
          null,
          null,
          null,
          1,
          null,
          null,
          1,
          24,
          null,
          24,
          144,
          null,
          144,
          null,
          1,
          1,
          null,
          null,
          null,
          null,
          null,
          null,
          24,
          null,
          null,
          null,
          1,
          1032,
          null,
          null,
          null,
          1,
          null,
          1,
          null,
          null,
          1,
          null,
          null,
          1,
          null,
          1,
          null,
          null,
          1,
          null,
          1,
          null,
          null,
          null,
          1,
          null,
          1,
          1,
          null,
          1,
          null,
          null,
          null,
          null,
          1,
          null,
          23,
          23,
          null,
          null,
          null,
          null,
          1,
          0,
          null,
          null
        ]
      },
      "/Users/nariii/intelligenter-chatbot/app/services/response_templates.rb": {
        "lines": [
          null,
          null,
          null,
          1,
          1,
          null,
          null,
          null,
          1,
          null,
          null,
          null,
          null,
          null,
          null,
          null,
          null,
          null,
          null,
          null,
          null,
          null,
          null,
          null,
          null,
          null,
          null,
          null,
          null,
          null,
          null,
          null,
          null,
          null,
          null,
          null,
          1,
          null,
          null,
          null,
          null,
          null,
          null,
          1,
          24,
          24,
          24,
          null,
          null,
          null,
          1,
          24,
          24,
          null,
          null,
          null,
          1,
          0,
          null,
          null,
          1,
          null,
          null,
          1,
          24,
          null,
          null,
          24,
          24,
          null,
          24,
          null,
          null,
          null,
          1,
          null,
          24,
          null,
          null,
          24,
          null,
          16,
          null,
          2,
          null,
          6,
          null,
          null,
          null,
          null,
          1,
          24,
          null,
          null,
          24,
          null,
          null,
          24,
          1,
          1,
          null,
          null,
          null,
          24,
          null,
          24,
          null,
          null,
          null,
          1,
          21,
          null,
          null,
          null,
          null,
          null,
          null,
          null,
          21,
          22,
          110,
          null,
          null,
          null,
          21,
          null,
          null
        ]
      },
      "/Users/nariii/intelligenter-chatbot/app/channels/application_cable/channel.rb": {
        "lines": [
          0,
          0,
          0,
          0
        ],
        "branches": {}
      },
      "/Users/nariii/intelligenter-chatbot/app/channels/application_cable/connection.rb": {
        "lines": [
          0,
          0,
          0,
          null,
          0,
          0,
          0,
          0,
          null,
          0,
          null,
          0,
          null,
          0,
          0,
          0,
          0,
          0,
          0,
          null,
          0,
          null,
          0,
          0,
          0,
          0,
          0,
          0
        ],
        "branches": {}
      },
      "/Users/nariii/intelligenter-chatbot/app/channels/chat_channel.rb": {
        "lines": [
          0,
          0,
          null,
          0,
          null,
          0,
          0,
          null,
          0,
          0,
          0,
          0,
          0,
          0,
          0,
          null,
          0,
          null,
          0,
          0,
          0,
          0,
          0,
          0,
          0,
          0,
          0,
          0,
          null,
          0,
          0,
          null,
          null,
          0,
          0,
          null,
          0,
          0,
          0,
          null,
          null,
          0,
          0,
          null,
          0,
          0,
          0,
          0,
          0,
          0,
          0,
          0,
          0,
          null,
          null,
          0,
          0,
          0,
          null,
          0,
          0,
          null,
          0,
          0,
          0,
          null,
          0,
          null,
          0,
          0,
          0,
          null,
          0,
          0,
          null,
          null,
          0,
          0,
          0,
          0,
          null,
          0,
          0,
          0,
          0,
          0,
          0,
          0,
          0,
          0,
          0,
          0,
          0,
          0,
          0,
          0,
          null,
          0,
          null,
          0,
          0,
          null,
          0,
          0,
          0,
          0,
          0,
          0,
          0,
          0,
          0,
          0,
          null,
          0,
          0,
          0,
          0,
          0,
          0,
          0,
          0,
          0,
          0,
          null,
          0,
          0,
          0,
          0,
          0,
          0,
          0,
          0,
          null,
          0,
          null,
          0,
          0,
          null,
          0,
          null,
          0,
          0,
          0,
          0,
          0,
          null,
          0,
          0,
          0,
          0,
          0,
          0,
          0,
          0,
          0,
          null,
          0,
          0,
          0,
          0,
          null,
          0,
          0,
          0,
          0,
          0,
          0,
          0,
          0,
          0,
          0,
          0,
          0
        ],
        "branches": {}
      },
      "/Users/nariii/intelligenter-chatbot/app/controllers/api/v1/analyses_controller.rb": {
        "lines": [
          null,
          null,
          0,
          0,
          null,
          0,
          0,
          0,
          null,
          null,
          0,
          0,
          0,
          0,
          0,
          null,
          0,
          0,
          0,
          0,
          0,
          null,
          null,
          0,
          0,
          0,
          null,
          null,
          0,
          0,
          null,
          0,
          0,
          0,
          0,
          0,
          null,
          0,
          null,
          0,
          0,
          0,
          null,
          0,
          0,
          0,
          null,
          0,
          0,
          0,
          0,
          0,
          0,
          0,
          0,
          0,
          0,
          null,
          0,
          0,
          0,
          0,
          0,
          0,
          0,
          0,
          null,
          0,
          0,
          null,
          0,
          0,
          0,
          0,
          0,
          0,
          0,
          0,
          0,
          0,
          0
        ],
        "branches": {}
      },
      "/Users/nariii/intelligenter-chatbot/app/controllers/api/v1/base_controller.rb": {
        "lines": [
          null,
          null,
          0,
          0,
          null,
          0,
          0,
          null,
          0,
          null,
          0,
          0,
          null,
          0,
          null,
          0,
          0,
          0,
          0,
          0,
          0,
          0,
          0,
          0,
          0,
          0,
          null,
          0,
          null,
          0,
          0,
          0,
          null,
          0,
          0,
          0,
          0,
          0,
          0,
          0,
          0,
          0
        ],
        "branches": {}
      },
      "/Users/nariii/intelligenter-chatbot/app/controllers/api/v1/conversations_controller.rb": {
        "lines": [
          null,
          null,
          0,
          0,
          null,
          0,
          0,
          null,
          null,
          0,
          0,
          0,
          0,
          0,
          null,
          0,
          0,
          0,
          0,
          0,
          null,
          null,
          0,
          0,
          0,
          null,
          null,
          0,
          0,
          null,
          0,
          0,
          0,
          0,
          0,
          0,
          0,
          null,
          null,
          0,
          0,
          0,
          0,
          0,
          0,
          0,
          0,
          null,
          null,
          0,
          0,
          0,
          0,
          null,
          0,
          null,
          0,
          0,
          0,
          null,
          0,
          0,
          0,
          null,
          0,
          0,
          0,
          0,
          0,
          null,
          0,
          0,
          0,
          0,
          0,
          0,
          0,
          0,
          0,
          0,
          0,
          0,
          0,
          0,
          0,
          null,
          0,
          0,
          0,
          0,
          0,
          0,
          0,
          0,
          0,
          0,
          0,
          null,
          0,
          0,
          0,
          0,
          0,
          0,
          0,
          0,
          0,
          0,
          0
        ],
        "branches": {}
      },
      "/Users/nariii/intelligenter-chatbot/app/controllers/api/v1/messages_controller.rb": {
        "lines": [
          null,
          null,
          0,
          0,
          null,
          0,
          0,
          0,
          null,
          null,
          0,
          0,
          0,
          0,
          0,
          null,
          0,
          0,
          0,
          0,
          0,
          null,
          null,
          0,
          0,
          0,
          null,
          null,
          0,
          0,
          null,
          0,
          0,
          0,
          0,
          0,
          0,
          0,
          null,
          0,
          0,
          0,
          0,
          0,
          0,
          null,
          0,
          0,
          0,
          0,
          0,
          0,
          0,
          0,
          0,
          0,
          0,
          null,
          null,
          0,
          0,
          0,
          0,
          0,
          0,
          0,
          0,
          null,
          null,
          0,
          0,
          0,
          0,
          null,
          0,
          null,
          0,
          0,
          0,
          0,
          0,
          0,
          0,
          null,
          0,
          0,
          0,
          null,
          0,
          0,
          0,
          null,
          0,
          0,
          0,
          0,
          0,
          0,
          0,
          0,
          0,
          0,
          0,
          null,
          0,
          0,
          0,
          0,
          0,
          0,
          0,
          0,
          0,
          0,
          0
        ],
        "branches": {}
      },
      "/Users/nariii/intelligenter-chatbot/app/controllers/demo_controller.rb": {
        "lines": [
          0,
          0,
          null,
          0,
          0,
          0
        ],
        "branches": {}
      },
      "/Users/nariii/intelligenter-chatbot/app/controllers/graphql_controller.rb": {
        "lines": [
          null,
          null,
          0,
          null,
          null,
          null,
          null,
          null,
          0,
          null,
          0,
          0,
          0,
          0,
          0,
          null,
          0,
          0,
          0,
          0,
          0,
          0,
          0,
          null,
          0,
          0,
          null,
          0,
          null,
          0,
          0,
          0,
          null,
          0,
          0,
          null,
          0,
          null,
          null,
          0,
          0,
          0,
          0,
          0,
          0,
          0,
          0,
          0,
          0,
          0,
          0,
          0,
          0,
          0,
          0,
          0,
          0,
          null,
          0,
          0,
          0,
          null,
          0,
          0,
          0,
          0
        ],
        "branches": {}
      },
      "/Users/nariii/intelligenter-chatbot/app/controllers/messages_controller.rb": {
        "lines": [
          null,
          null,
          0,
          0
        ],
        "branches": {}
      },
      "/Users/nariii/intelligenter-chatbot/app/graphql/intelligenter_chatbot_schema.rb": {
        "lines": [
          null,
          null,
          0,
          0,
          0,
          null,
          null,
          0,
          null,
          null,
          null,
          null,
          0,
          null,
          null,
          0,
          0,
          null,
          null,
          0,
          null,
          null,
          0,
          null,
          null,
          null,
          null,
          0,
          null,
          0,
          0,
          null,
          null,
          0,
          null,
          0,
          0,
          0
        ],
        "branches": {}
      },
      "/Users/nariii/intelligenter-chatbot/app/graphql/mutations/base_mutation.rb": {
        "lines": [
          null,
          null,
          0,
          0,
          0,
          0,
          0,
          0,
          0,
          0
        ],
        "branches": {}
      },
      "/Users/nariii/intelligenter-chatbot/app/graphql/mutations/create_conversation.rb": {
        "lines": [
          null,
          null,
          0,
          null,
          0,
          null,
          0,
          0,
          0,
          null,
          null,
          0,
          0,
          null,
          0,
          0,
          0,
          0,
          0,
          0,
          null,
          0,
          0,
          0,
          0,
          0,
          0,
          0,
          0,
          0,
          0,
          0,
          0,
          0,
          0
        ],
        "branches": {}
      },
      "/Users/nariii/intelligenter-chatbot/app/graphql/mutations/create_message.rb": {
        "lines": [
          null,
          null,
          0,
          null,
          0,
          null,
          0,
          0,
          0,
          0,
          null,
          null,
          0,
          0,
          null,
          0,
          0,
          0,
          0,
          0,
          0,
          0,
          null,
          0,
          null,
          0,
          null,
          0,
          0,
          0,
          0,
          0,
          0,
          0,
          0,
          0,
          0,
          0,
          0,
          0
        ],
        "branches": {}
      },
      "/Users/nariii/intelligenter-chatbot/app/graphql/mutations/trigger_analysis.rb": {
        "lines": [
          null,
          null,
          0,
          null,
          0,
          null,
          0,
          null,
          null,
          0,
          0,
          null,
          0,
          0,
          0,
          null,
          0,
          0,
          0,
          0,
          0,
          0,
          0,
          0,
          0,
          0,
          0,
          0
        ],
        "branches": {}
      },
      "/Users/nariii/intelligenter-chatbot/app/graphql/resolvers/base_resolver.rb": {
        "lines": [
          null,
          null,
          0,
          0,
          0,
          0
        ],
        "branches": {}
      },
      "/Users/nariii/intelligenter-chatbot/app/graphql/types/analysis_type.rb": {
        "lines": [
          null,
          null,
          0,
          null,
          0,
          0,
          0,
          0,
          0,
          0,
          0,
          0,
          0,
          0,
          0,
          null,
          0,
          0,
          0,
          0,
          0,
          0
        ],
        "branches": {}
      },
      "/Users/nariii/intelligenter-chatbot/app/graphql/types/base_argument.rb": {
        "lines": [
          null,
          null,
          0,
          0,
          0,
          0
        ],
        "branches": {}
      },
      "/Users/nariii/intelligenter-chatbot/app/graphql/types/base_connection.rb": {
        "lines": [
          null,
          null,
          0,
          0,
          null,
          0,
          0,
          0
        ],
        "branches": {}
      },
      "/Users/nariii/intelligenter-chatbot/app/graphql/types/base_edge.rb": {
        "lines": [
          null,
          null,
          0,
          0,
          null,
          0,
          0,
          0
        ],
        "branches": {}
      },
      "/Users/nariii/intelligenter-chatbot/app/graphql/types/base_enum.rb": {
        "lines": [
          null,
          null,
          0,
          0,
          0,
          0
        ],
        "branches": {}
      },
      "/Users/nariii/intelligenter-chatbot/app/graphql/types/base_field.rb": {
        "lines": [
          null,
          null,
          0,
          0,
          0,
          0,
          0
        ],
        "branches": {}
      },
      "/Users/nariii/intelligenter-chatbot/app/graphql/types/base_input_object.rb": {
        "lines": [
          null,
          null,
          0,
          0,
          0,
          0,
          0
        ],
        "branches": {}
      },
      "/Users/nariii/intelligenter-chatbot/app/graphql/types/base_interface.rb": {
        "lines": [
          null,
          null,
          0,
          0,
          0,
          null,
          0,
          0,
          null,
          0,
          0,
          0
        ],
        "branches": {}
      },
      "/Users/nariii/intelligenter-chatbot/app/graphql/types/base_object.rb": {
        "lines": [
          null,
          null,
          0,
          0,
          0,
          0,
          0,
          0,
          0
        ],
        "branches": {}
      },
      "/Users/nariii/intelligenter-chatbot/app/graphql/types/base_scalar.rb": {
        "lines": [
          null,
          null,
          0,
          0,
          0,
          0
        ],
        "branches": {}
      },
      "/Users/nariii/intelligenter-chatbot/app/graphql/types/base_union.rb": {
        "lines": [
          null,
          null,
          0,
          0,
          0,
          0,
          0,
          0
        ],
        "branches": {}
      },
      "/Users/nariii/intelligenter-chatbot/app/graphql/types/conversation_type.rb": {
        "lines": [
          null,
          null,
          0,
          null,
          0,
          0,
          0,
          0,
          0,
          0,
          0,
          0,
          null,
          0,
          0,
          0,
          0,
          0,
          0,
          null,
          0,
          0,
          0,
          null,
          null,
          0,
          0
        ],
        "branches": {}
      },
      "/Users/nariii/intelligenter-chatbot/app/graphql/types/message_type.rb": {
        "lines": [
          null,
          null,
          0,
          null,
          0,
          0,
          0,
          0,
          0,
          0,
          0,
          0,
          null,
          0,
          0,
          0,
          0,
          null,
          null,
          0,
          0
        ],
        "branches": {}
      },
      "/Users/nariii/intelligenter-chatbot/app/graphql/types/mutation_type.rb": {
        "lines": [
          null,
          null,
          0,
          0,
          null,
          0,
          null,
          null,
          0,
          null,
          null,
          0,
          0,
          0
        ],
        "branches": {}
      },
      "/Users/nariii/intelligenter-chatbot/app/graphql/types/node_type.rb": {
        "lines": [
          null,
          null,
          0,
          0,
          0,
          null,
          0,
          0,
          0
        ],
        "branches": {}
      },
      "/Users/nariii/intelligenter-chatbot/app/graphql/types/query_type.rb": {
        "lines": [
          null,
          null,
          0,
          0,
          0,
          0,
          0,
          null,
          0,
          0,
          0,
          null,
          0,
          0,
          0,
          0,
          null,
          0,
          0,
          0,
          null,
          null,
          null,
          null,
          null,
          0,
          0,
          0,
          0,
          0,
          null,
          0,
          0,
          0,
          0,
          0,
          0,
          0,
          null,
          null,
          0,
          0,
          0,
          0,
          0,
          0,
          0,
          0,
          0,
          0,
          0,
          0,
          null,
          0,
          0,
          0,
          0,
          0,
          0,
          0,
          null,
          null,
          0,
          0,
          0,
          0,
          0,
          0,
          0,
          0,
          0,
          0,
          null,
          null,
          0,
          0,
          0,
          0,
          0,
          0,
          0,
          0,
          0,
          0,
          0,
          0,
          0,
          0,
          0,
          0
        ],
        "branches": {}
      },
      "/Users/nariii/intelligenter-chatbot/app/graphql/types/user_type.rb": {
        "lines": [
          null,
          null,
          0,
          null,
          0,
          0,
          0,
          0,
          0,
          0,
          0,
          null,
          0,
          0,
          0,
          null,
          0,
          null,
          0,
          0,
          0
        ],
        "branches": {}
      },
      "/Users/nariii/intelligenter-chatbot/app/jobs/bot_response_job.rb": {
        "lines": [
          null,
          null,
          null,
          0,
          0,
          null,
          null,
          0,
          null,
          0,
          0,
          0,
          null,
          0,
          0,
          0,
          0,
          0,
          null,
          0,
          null,
          0,
          0,
          0,
          null,
          0,
          0,
          0,
          null,
          0,
          0,
          0,
          0,
          0,
          0,
          null,
          0,
          0,
          0,
          0,
          0,
          0,
          0,
          0,
          0,
          null,
          null,
          0,
          0,
          null,
          0,
          0,
          0,
          0,
          null,
          0,
          null,
          0,
          0,
          0,
          0,
          0,
          0,
          0,
          0,
          0,
          null,
          null,
          0,
          0,
          null,
          null,
          0,
          0,
          0,
          0,
          null,
          0,
          0,
          0,
          null,
          0,
          0,
          0,
          0,
          0,
          0,
          0,
          0,
          0,
          0,
          0,
          null,
          0,
          0,
          0,
          0,
          0,
          0,
          0,
          0,
          0,
          0,
          0,
          0,
          0,
          0,
          null,
          0,
          0,
          0,
          0,
          0,
          0,
          0,
          0,
          0,
          0,
          0,
          0,
          0,
          0,
          0
        ],
        "branches": {}
      },
      "/Users/nariii/intelligenter-chatbot/app/jobs/message_batch_job.rb": {
        "lines": [
          null,
          null,
          null,
          0,
          0,
          null,
          0,
          0,
          null,
          0,
          0,
          0,
          0,
          0,
          null,
          0,
          null,
          0,
          0,
          0,
          0,
          0,
          0,
          null,
          0,
          null,
          0,
          null,
          0,
          null,
          null,
          0,
          0,
          null,
          0,
          null,
          0,
          0,
          null,
          0,
          0,
          null,
          0,
          0,
          0,
          0,
          0,
          0,
          0,
          0,
          0,
          0,
          0,
          0
        ],
        "branches": {}
      },
      "/Users/nariii/intelligenter-chatbot/app/mailers/application_mailer.rb": {
        "lines": [
          0,
          0,
          0,
          0
        ],
        "branches": {}
      },
      "/Users/nariii/intelligenter-chatbot/app/services/message_batch_service.rb": {
        "lines": [
          null,
          null,
          null,
          0,
          0,
          null,
          0,
          null,
          0,
          0,
          null,
          null,
          0,
          null,
          0,
          0,
          0,
          0,
          0,
          null,
          null,
          0,
          0,
          0,
          0,
          null,
          0,
          0,
          0,
          0,
          0,
          0,
          0,
          null,
          0,
          0,
          0,
          0,
          0,
          0,
          0,
          0,
          0,
          null,
          null,
          0,
          0,
          null,
          0,
          0,
          0,
          0,
          0,
          0,
          null,
          null,
          0,
          0,
          0,
          null,
          0,
          0,
          null,
          0,
          null,
          0,
          0,
          0,
          0,
          0,
          null,
          0,
          null,
          0,
          0,
          0,
          null,
          null,
          0,
          0,
          0,
          0,
          0,
          0,
          null,
          0,
          0,
          null,
          0,
          0,
          null,
          0,
          null,
          0,
          0,
          0,
          0,
          null,
          0,
          0,
          0,
          0,
          null,
          0,
          0,
          0,
          0,
          0,
          null,
          0,
          0,
          null,
          null,
          0,
          0,
          0,
          0,
          0,
          0,
          0,
          0,
          0,
          0,
          0,
          0,
          null,
          0,
          null,
          null,
          0,
          null,
          null,
          0,
          0,
          null,
          null,
          0,
          0,
          null,
          0,
          0,
          0,
          0,
          0,
          0,
          null,
          0,
          null,
          0,
          0,
          0,
          null,
          0,
          0,
          0
        ],
        "branches": {}
      }
    },
    "timestamp": 1755915972
  }
}
