{
  "RSpec": {
    "coverage": {
      "/Users/nariii/intelligenter-chatbot/app/channels/application_cable/connection.rb": {
        "lines": [
          1,
          1,
          1,
          null,
          1,
          3,
          1,
          null,
          null,
          1,
          null,
          1,
          null,
          3,
          1,
          null,
          2,
          null,
          null,
          null,
          1,
          null,
          3,
          2,
          null,
          null,
          null,
          null
        ]
      },
      "/Users/nariii/intelligenter-chatbot/app/channels/chat_channel.rb": {
        "lines": [
          1,
          1,
          null,
          15,
          14,
          null,
          14,
          12,
          null,
          null,
          12,
          null,
          null,
          null,
          null,
          null,
          null,
          null,
          null,
          2,
          null,
          null,
          1,
          null,
          null,
          null,
          1,
          null,
          5,
          3,
          null,
          null,
          null,
          null,
          null,
          null,
          null,
          null,
          null,
          5,
          null,
          null,
          null,
          1,
          4,
          null,
          4,
          null,
          null,
          null,
          null,
          null,
          null,
          null,
          null,
          4,
          null,
          2,
          null,
          null,
          2,
          null,
          2,
          null,
          null,
          null,
          null,
          null,
          null,
          null,
          null,
          null,
          null,
          1,
          1,
          null,
          1,
          null,
          null,
          null,
          null,
          null,
          null,
          null,
          null,
          null,
          null,
          1,
          2,
          null,
          2,
          2,
          null,
          2,
          2,
          2,
          null,
          2,
          null,
          null,
          null,
          null,
          null,
          null,
          null,
          null,
          null,
          null,
          null,
          null,
          1,
          null,
          1,
          32,
          null,
          null,
          1,
          null,
          20,
          null,
          0,
          null,
          null,
          1,
          2,
          null,
          null,
          null,
          null,
          null,
          null,
          null,
          null,
          null,
          null,
          null,
          null,
          null,
          null,
          1,
          null,
          2,
          null,
          null
        ]
      },
      "/Users/nariii/intelligenter-chatbot/app/channels/application_cable/channel.rb": {
        "lines": [
          1,
          1,
          null,
          null
        ]
      },
      "/Users/nariii/intelligenter-chatbot/app/models/user.rb": {
        "lines": [
          1,
          null,
          1,
          1,
          null,
          null,
          1,
          null,
          null,
          1,
          null,
          null,
          1,
          1,
          1,
          null,
          null,
          1,
          0,
          null,
          null,
          1,
          0,
          null,
          null,
          1,
          0,
          null,
          null,
          null,
          null,
          1,
          0,
          null,
          null,
          1,
          0,
          null,
          null,
          1,
          0,
          0,
          0,
          null,
          0,
          null,
          null,
          1,
          null,
          1,
          null,
          null
        ]
      },
      "/Users/nariii/intelligenter-chatbot/app/models/application_record.rb": {
        "lines": [
          1,
          1,
          null
        ]
      },
      "/Users/nariii/intelligenter-chatbot/app/models/conversation.rb": {
        "lines": [
          1,
          null,
          1,
          1,
          1,
          null,
          null,
          1,
          null,
          null,
          1,
          null,
          null,
          1,
          1,
          1,
          1,
          null,
          null,
          1,
          0,
          null,
          null,
          1,
          0,
          null,
          null,
          1,
          0,
          0,
          0,
          0,
          null,
          null,
          null,
          1,
          0,
          null,
          null,
          1,
          0,
          null,
          null,
          1,
          0,
          null,
          null,
          null,
          null,
          null,
          null,
          1,
          null,
          1,
          13,
          null,
          null
        ]
      },
      "/Users/nariii/intelligenter-chatbot/app/models/message.rb": {
        "lines": [
          1,
          null,
          1,
          1,
          null,
          null,
          1,
          null,
          null,
          1,
          null,
          1,
          null,
          null,
          null,
          1,
          1,
          null,
          null,
          1,
          null,
          null,
          1,
          1,
          1,
          1,
          1,
          null,
          null,
          1,
          3,
          null,
          null,
          1,
          3,
          null,
          null,
          1,
          0,
          null,
          null,
          1,
          0,
          null,
          null,
          1,
          0,
          null,
          null,
          1,
          0,
          null,
          null,
          1,
          0,
          null,
          null,
          1,
          4,
          4,
          4,
          null,
          null,
          1,
          null,
          1,
          null,
          5,
          null,
          null,
          1,
          5,
          null,
          null,
          null,
          null,
          null
        ]
      },
      "/Users/nariii/intelligenter-chatbot/app/jobs/process_ai_response_job.rb": {
        "lines": [
          1,
          1,
          null,
          1,
          2,
          1,
          null,
          1,
          null,
          null,
          1,
          null,
          null,
          1,
          null,
          null,
          null,
          null,
          null,
          null,
          null,
          null,
          null,
          null,
          1,
          null,
          null,
          null,
          null,
          null,
          null,
          null,
          null,
          null,
          null,
          null,
          null,
          null,
          null,
          1,
          null,
          1,
          1,
          null,
          null,
          1,
          null,
          1,
          1,
          null,
          null,
          null,
          1,
          null,
          1,
          null,
          0,
          null,
          0,
          null,
          0,
          null,
          null,
          null,
          1,
          1,
          null,
          null,
          null,
          null,
          1,
          1,
          null,
          null,
          null,
          null,
          null,
          null,
          null,
          null,
          null
        ]
      },
      "/Users/nariii/intelligenter-chatbot/app/jobs/application_job.rb": {
        "lines": [
          1,
          null,
          null,
          null,
          null,
          null,
          null
        ]
      },
      "/Users/nariii/intelligenter-chatbot/app/jobs/analyze_conversation_job.rb": {
        "lines": [
          1,
          1,
          null,
          1,
          1,
          0,
          null,
          null,
          0,
          0,
          null,
          null,
          0,
          null,
          null,
          0,
          null,
          null,
          null,
          null,
          null,
          null,
          null,
          null,
          0,
          0,
          0,
          null,
          null,
          null,
          0,
          null,
          1,
          null,
          null,
          1,
          null,
          1,
          null,
          null,
          null,
          0,
          null,
          null,
          null,
          null,
          null,
          null,
          null,
          null,
          1,
          null,
          0,
          null,
          0,
          0,
          null,
          0,
          0,
          0,
          null,
          null,
          0,
          null,
          null,
          1,
          null,
          0,
          0,
          null,
          0,
          0,
          null,
          0,
          0,
          0,
          0,
          null,
          null,
          0,
          0,
          0,
          0,
          null,
          0,
          null,
          null,
          null,
          0,
          null,
          null,
          null,
          null,
          null,
          1,
          null,
          0,
          null,
          null,
          1,
          null,
          0,
          null,
          null,
          1,
          null,
          0,
          null,
          0,
          0,
          null,
          null,
          0,
          null,
          null,
          1,
          0,
          null,
          0,
          null,
          0,
          null,
          0,
          null,
          null,
          null,
          1,
          0,
          null,
          null,
          null,
          1,
          null,
          0,
          null,
          null,
          1,
          0,
          null,
          null,
          null,
          null,
          null,
          null,
          null,
          null,
          null,
          null,
          null,
          null,
          null,
          null,
          null
        ]
      },
      "/Users/nariii/intelligenter-chatbot/app/controllers/application_controller.rb": {
        "lines": [
          0,
          0
        ],
        "branches": {}
      },
      "/Users/nariii/intelligenter-chatbot/app/controllers/demo_controller.rb": {
        "lines": [
          0,
          0,
          null,
          0,
          0,
          0
        ],
        "branches": {}
      },
      "/Users/nariii/intelligenter-chatbot/app/mailers/application_mailer.rb": {
        "lines": [
          0,
          0,
          0,
          0
        ],
        "branches": {}
      },
      "/Users/nariii/intelligenter-chatbot/app/models/analysis.rb": {
        "lines": [
          0,
          null,
          0,
          0,
          0,
          null,
          null,
          0,
          null,
          null,
          0,
          0,
          0,
          0,
          0,
          0,
          0,
          null,
          null,
          0,
          null,
          null,
          0,
          0,
          0,
          0,
          0,
          0,
          null,
          null,
          0,
          0,
          0,
          null,
          0,
          0,
          null,
          0,
          0,
          0,
          0,
          0,
          null,
          0,
          0,
          null,
          0,
          0,
          null,
          0,
          0,
          0,
          null,
          0,
          0,
          0,
          null,
          0,
          0,
          0,
          null,
          0,
          0,
          0,
          null,
          0,
          0,
          null,
          0,
          0,
          null,
          0,
          0,
          0,
          0,
          0,
          0
        ],
        "branches": {}
      }
    },
    "timestamp": 1755768642
  }
}
